
=================================================================
[SIM] Rule: EDD
[SIM] Orders: 0  Total ops: 0
[SIM] Machines: []
[SIM] Job releases / due dates / priority:
=================================================================

[SIM] Enqueuing first operation of each order:

[SIM] Starting simulation loop (0 operations total)...

[SIM] ── TWT Calculation ──
[SIM] Total TWT = 0.0000h
=================================================================


=================================================================
[SIM] Rule: SPT
[SIM] Orders: 0  Total ops: 0
[SIM] Machines: []
[SIM] Job releases / due dates / priority:
=================================================================

[SIM] Enqueuing first operation of each order:

[SIM] Starting simulation loop (0 operations total)...

[SIM] ── TWT Calculation ──
[SIM] Total TWT = 0.0000h
=================================================================


=================================================================
[SIM] Rule: WSPT
[SIM] Orders: 0  Total ops: 0
[SIM] Machines: []
[SIM] Job releases / due dates / priority:
=================================================================

[SIM] Enqueuing first operation of each order:

[SIM] Starting simulation loop (0 operations total)...

[SIM] ── TWT Calculation ──
[SIM] Total TWT = 0.0000h
=================================================================


=================================================================
[SIM] Rule: PRIO
[SIM] Orders: 0  Total ops: 0
[SIM] Machines: []
[SIM] Job releases / due dates / priority:
=================================================================

[SIM] Enqueuing first operation of each order:

[SIM] Starting simulation loop (0 operations total)...

[SIM] ── TWT Calculation ──
[SIM] Total TWT = 0.0000h
=================================================================


=================================================================
[SIM] Rule: FIFO
[SIM] Orders: 0  Total ops: 0
[SIM] Machines: []
[SIM] Job releases / due dates / priority:
=================================================================

[SIM] Enqueuing first operation of each order:

[SIM] Starting simulation loop (0 operations total)...

[SIM] ── TWT Calculation ──
[SIM] Total TWT = 0.0000h
=================================================================


=================================================================
[SIM] Rule: CR
[SIM] Orders: 0  Total ops: 0
[SIM] Machines: []
[SIM] Job releases / due dates / priority:
=================================================================

[SIM] Enqueuing first operation of each order:

[SIM] Starting simulation loop (0 operations total)...

[SIM] ── TWT Calculation ──
[SIM] Total TWT = 0.0000h
=================================================================

